<?xml version="1.0" encoding="UTF-8"?>
<!-- Generated by org.testng.reporters.JUnitReportReporter -->
<testsuite hostname="DESKTOP-0M88CL7" failures="0" tests="2" name="testLayer.MyInfo" time="56.373" errors="0" timestamp="2023-06-22T09:14:21 EDT" skipped="0">
  <testcase classname="testLayer.MyInfo" name="myinfolinkclick" time="28.669"/>
  <system-out/>
  <testcase classname="testLayer.MyInfo" name="myinfolinkclick" time="27.704"/>
  <system-out/>
</testsuite> <!-- testLayer.MyInfo -->
