<?xml version="1.0" encoding="UTF-8"?>
<!-- Generated by org.testng.reporters.JUnitReportReporter -->
<testsuite hostname="DESKTOP-0M88CL7" failures="0" tests="4" name="testLayer.LoginTest" time="25.809" errors="0" timestamp="2023-06-20T23:04:31 EDT" skipped="0">
  <testcase classname="testLayer.LoginTest" name="Title" time="4.708"/>
  <system-out/>
  <testcase classname="testLayer.LoginTest" name="login" time="7.020"/>
  <system-out/>
  <testcase classname="testLayer.LoginTest" name="login" time="7.045"/>
  <system-out/>
  <testcase classname="testLayer.LoginTest" name="login" time="7.036"/>
  <system-out/>
</testsuite> <!-- testLayer.LoginTest -->
